<?xml version="1.0" encoding="UTF-8"?>
<!-- Generated by org.testng.reporters.JUnitXMLReporter -->
<testsuite ignored="0" hostname="DESKTOP-FTESGII" failures="0" tests="6" name="Default test" time="12.239" errors="0" timestamp="2025-01-08T12:30:31 IST">
  <testcase classname="com.qa.api.test.DDTests" name="testPostUser" time="3.998"/>
  <testcase classname="com.qa.api.test.DDTests" name="testPostUser" time="1.198"/>
  <testcase classname="com.qa.api.test.DDTests" name="testPostUser" time="1.244"/>
  <testcase classname="com.qa.api.test.DDTests" name="testDeleteUserByName" time="1.228"/>
  <testcase classname="com.qa.api.test.DDTests" name="testDeleteUserByName" time="1.183"/>
  <testcase classname="com.qa.api.test.DDTests" name="testDeleteUserByName" time="1.271"/>
</testsuite> <!-- Default test -->
