<?xml version="1.0" encoding="UTF-8"?>
<!-- Generated by org.testng.reporters.JUnitXMLReporter -->
<testsuite ignored="0" hostname="DESKTOP-FTESGII" failures="0" tests="10" name="Test" time="19.29" errors="0" timestamp="2025-01-08T16:43:04 IST">
  <testcase classname="com.qa.api.test.DDTests" name="testPostUser" time="4.274"/>
  <testcase classname="com.qa.api.test.DDTests" name="testPostUser" time="1.275"/>
  <testcase classname="com.qa.api.test.DDTests" name="testPostUser" time="1.257"/>
  <testcase classname="com.qa.api.test.DDTests" name="testDeleteUserByName" time="1.233"/>
  <testcase classname="com.qa.api.test.DDTests" name="testDeleteUserByName" time="1.175"/>
  <testcase classname="com.qa.api.test.DDTests" name="testDeleteUserByName" time="1.213"/>
  <testcase classname="com.qa.api.test.UserTests" name="testPostUser" time="1.294"/>
  <testcase classname="com.qa.api.test.UserTests" name="testGetUser" time="1.172"/>
  <testcase classname="com.qa.api.test.UserTests" name="testUpdateUser" time="2.457"/>
  <testcase classname="com.qa.api.test.UserTests" name="testDeleteUser" time="1.232"/>
</testsuite> <!-- Test -->
