<?xml version="1.0" encoding="UTF-8"?>
<!-- Generated by org.testng.reporters.JUnitXMLReporter -->
<testsuite ignored="0" hostname="RajKumar" failures="0" tests="10" name="Test" time="19.01" errors="0" timestamp="2025-01-08T18:01:12 IST">
  <testcase classname="com.qa.api.test.DDTests" name="testPostUser" time="4.147"/>
  <testcase classname="com.qa.api.test.DDTests" name="testPostUser" time="1.208"/>
  <testcase classname="com.qa.api.test.DDTests" name="testPostUser" time="1.211"/>
  <testcase classname="com.qa.api.test.DDTests" name="testDeleteUserByName" time="1.202"/>
  <testcase classname="com.qa.api.test.DDTests" name="testDeleteUserByName" time="1.209"/>
  <testcase classname="com.qa.api.test.DDTests" name="testDeleteUserByName" time="1.199"/>
  <testcase classname="com.qa.api.test.UserTests" name="testPostUser" time="1.25"/>
  <testcase classname="com.qa.api.test.UserTests" name="testGetUser" time="1.175"/>
  <testcase classname="com.qa.api.test.UserTests" name="testUpdateUser" time="2.44"/>
  <testcase classname="com.qa.api.test.UserTests" name="testDeleteUser" time="1.233"/>
</testsuite> <!-- Test -->
