<?xml version="1.0" encoding="UTF-8"?>
<testng-results ignored="0" total="10" passed="10" failed="0" skipped="0">
  <reporter-output>
  </reporter-output>
  <suite started-at="2025-01-08T16:42:45 IST" name="Suite" finished-at="2025-01-08T16:43:04 IST" duration-ms="19290">
    <groups>
    </groups>
    <test started-at="2025-01-08T16:42:45 IST" name="Test" finished-at="2025-01-08T16:43:04 IST" duration-ms="19290">
      <class name="com.qa.api.test.UserTests">
        <test-method is-config="true" signature="setupData()[pri:0, instance:com.qa.api.test.UserTests@40a4337a]" started-at="2025-01-08T16:42:58 IST" name="setupData" finished-at="2025-01-08T16:42:58 IST" duration-ms="336" status="PASS">
          <reporter-output>
          </reporter-output>
        </test-method> <!-- setupData -->
        <test-method signature="testPostUser()[pri:1, instance:com.qa.api.test.UserTests@40a4337a]" started-at="2025-01-08T16:42:58 IST" name="testPostUser" finished-at="2025-01-08T16:43:00 IST" duration-ms="1294" status="PASS">
          <reporter-output>
          </reporter-output>
        </test-method> <!-- testPostUser -->
        <test-method signature="testGetUser()[pri:2, instance:com.qa.api.test.UserTests@40a4337a]" started-at="2025-01-08T16:43:00 IST" name="testGetUser" finished-at="2025-01-08T16:43:01 IST" duration-ms="1172" status="PASS">
          <reporter-output>
          </reporter-output>
        </test-method> <!-- testGetUser -->
        <test-method signature="testUpdateUser()[pri:3, instance:com.qa.api.test.UserTests@40a4337a]" started-at="2025-01-08T16:43:01 IST" name="testUpdateUser" finished-at="2025-01-08T16:43:03 IST" duration-ms="2457" status="PASS">
          <reporter-output>
          </reporter-output>
        </test-method> <!-- testUpdateUser -->
        <test-method signature="testDeleteUser()[pri:4, instance:com.qa.api.test.UserTests@40a4337a]" started-at="2025-01-08T16:43:03 IST" name="testDeleteUser" finished-at="2025-01-08T16:43:04 IST" duration-ms="1232" status="PASS">
          <reporter-output>
          </reporter-output>
        </test-method> <!-- testDeleteUser -->
      </class> <!-- com.qa.api.test.UserTests -->
      <class name="com.qa.api.test.DDTests">
        <test-method signature="testPostUser(java.lang.String,java.lang.String,java.lang.String,java.lang.String,java.lang.String,java.lang.String,java.lang.String)[pri:1, instance:com.qa.api.test.DDTests@7b98f307]" started-at="2025-01-08T16:42:47 IST" name="testPostUser" data-provider="Data" finished-at="2025-01-08T16:42:52 IST" duration-ms="4274" status="PASS">
          <params>
            <param index="0">
              <value>
                <![CDATA[1070]]>
              </value>
            </param>
            <param index="1">
              <value>
                <![CDATA[testuser7]]>
              </value>
            </param>
            <param index="2">
              <value>
                <![CDATA[John]]>
              </value>
            </param>
            <param index="3">
              <value>
                <![CDATA[Candy]]>
              </value>
            </param>
            <param index="4">
              <value>
                <![CDATA[test1@gmail.com]]>
              </value>
            </param>
            <param index="5">
              <value>
                <![CDATA[test@1]]>
              </value>
            </param>
            <param index="6">
              <value>
                <![CDATA[98765432]]>
              </value>
            </param>
          </params>
          <reporter-output>
          </reporter-output>
        </test-method> <!-- testPostUser -->
        <test-method signature="testPostUser(java.lang.String,java.lang.String,java.lang.String,java.lang.String,java.lang.String,java.lang.String,java.lang.String)[pri:1, instance:com.qa.api.test.DDTests@7b98f307]" started-at="2025-01-08T16:42:52 IST" name="testPostUser" data-provider="Data" finished-at="2025-01-08T16:42:53 IST" duration-ms="1275" status="PASS">
          <params>
            <param index="0">
              <value>
                <![CDATA[1080]]>
              </value>
            </param>
            <param index="1">
              <value>
                <![CDATA[testuser8]]>
              </value>
            </param>
            <param index="2">
              <value>
                <![CDATA[Kim]]>
              </value>
            </param>
            <param index="3">
              <value>
                <![CDATA[Kom]]>
              </value>
            </param>
            <param index="4">
              <value>
                <![CDATA[test2@gmail.com]]>
              </value>
            </param>
            <param index="5">
              <value>
                <![CDATA[test@2]]>
              </value>
            </param>
            <param index="6">
              <value>
                <![CDATA[98765432]]>
              </value>
            </param>
          </params>
          <reporter-output>
          </reporter-output>
        </test-method> <!-- testPostUser -->
        <test-method signature="testPostUser(java.lang.String,java.lang.String,java.lang.String,java.lang.String,java.lang.String,java.lang.String,java.lang.String)[pri:1, instance:com.qa.api.test.DDTests@7b98f307]" started-at="2025-01-08T16:42:53 IST" name="testPostUser" data-provider="Data" finished-at="2025-01-08T16:42:54 IST" duration-ms="1257" status="PASS">
          <params>
            <param index="0">
              <value>
                <![CDATA[1090]]>
              </value>
            </param>
            <param index="1">
              <value>
                <![CDATA[testuser9]]>
              </value>
            </param>
            <param index="2">
              <value>
                <![CDATA[Smith]]>
              </value>
            </param>
            <param index="3">
              <value>
                <![CDATA[Steve]]>
              </value>
            </param>
            <param index="4">
              <value>
                <![CDATA[test3@gmail.com]]>
              </value>
            </param>
            <param index="5">
              <value>
                <![CDATA[test@3]]>
              </value>
            </param>
            <param index="6">
              <value>
                <![CDATA[98765432]]>
              </value>
            </param>
          </params>
          <reporter-output>
          </reporter-output>
        </test-method> <!-- testPostUser -->
        <test-method signature="testDeleteUserByName(java.lang.String)[pri:2, instance:com.qa.api.test.DDTests@7b98f307]" started-at="2025-01-08T16:42:54 IST" name="testDeleteUserByName" data-provider="UserNames" finished-at="2025-01-08T16:42:55 IST" duration-ms="1233" status="PASS">
          <params>
            <param index="0">
              <value>
                <![CDATA[testuser7]]>
              </value>
            </param>
          </params>
          <reporter-output>
          </reporter-output>
        </test-method> <!-- testDeleteUserByName -->
        <test-method signature="testDeleteUserByName(java.lang.String)[pri:2, instance:com.qa.api.test.DDTests@7b98f307]" started-at="2025-01-08T16:42:55 IST" name="testDeleteUserByName" data-provider="UserNames" finished-at="2025-01-08T16:42:57 IST" duration-ms="1175" status="PASS">
          <params>
            <param index="0">
              <value>
                <![CDATA[testuser8]]>
              </value>
            </param>
          </params>
          <reporter-output>
          </reporter-output>
        </test-method> <!-- testDeleteUserByName -->
        <test-method signature="testDeleteUserByName(java.lang.String)[pri:2, instance:com.qa.api.test.DDTests@7b98f307]" started-at="2025-01-08T16:42:57 IST" name="testDeleteUserByName" data-provider="UserNames" finished-at="2025-01-08T16:42:58 IST" duration-ms="1213" status="PASS">
          <params>
            <param index="0">
              <value>
                <![CDATA[testuser9]]>
              </value>
            </param>
          </params>
          <reporter-output>
          </reporter-output>
        </test-method> <!-- testDeleteUserByName -->
      </class> <!-- com.qa.api.test.DDTests -->
    </test> <!-- Test -->
  </suite> <!-- Suite -->
</testng-results>
